0 info it worked if it ends with ok
1 verbose cli [ 'C:\\Program Files\\nodejs\\node.exe',
1 verbose cli   'C:\\Program Files\\nodejs\\node_modules\\npm\\bin\\npm-cli.js',
1 verbose cli   'start' ]
2 info using npm@3.10.10
3 info using node@v6.11.1
4 verbose run-script [ 'prestart', 'start', 'poststart' ]
5 info lifecycle shoppingcart@1.0.0~prestart: shoppingcart@1.0.0
6 silly lifecycle shoppingcart@1.0.0~prestart: no script for prestart, continuing
7 info lifecycle shoppingcart@1.0.0~start: shoppingcart@1.0.0
8 verbose lifecycle shoppingcart@1.0.0~start: unsafe-perm in lifecycle true
9 verbose lifecycle shoppingcart@1.0.0~start: PATH: C:\Program Files\nodejs\node_modules\npm\bin\node-gyp-bin;D:\Github_NishantSahoo\ShoppingCart-React-NodeJs-Electron\API_Node_Folder\node_modules\.bin;C:\Program Files\nodejs;C:\Program Files\nodejs\;C:\Program Files\Git\cmd;C:\Users\DELL\AppData\Local\Microsoft\WindowsApps;C:\Users\DELL\AppData\Roaming\npm;C:\Users\DELL\AppData\Local\atom\bin;C:\Users\DELL\AppData\Local\Android\sdk;C:\Users\DELL\AppData\Local\Android\sdk\platform-tools;C:\Users\DELL\AppData\Local\Android\sdk\tools
10 verbose lifecycle shoppingcart@1.0.0~start: CWD: D:\Github_NishantSahoo\ShoppingCart-React-NodeJs-Electron\API_Node_Folder
11 silly lifecycle shoppingcart@1.0.0~start: Args: [ '/d /s /c', 'node server.js' ]
12 verbose stack Error: kill ENOSYS
12 verbose stack     at exports._errnoException (util.js:1018:11)
12 verbose stack     at process.kill (internal/process.js:190:13)
12 verbose stack     at process.listener (C:\Program Files\nodejs\node_modules\npm\node_modules\npmlog\node_modules\gauge\node_modules\signal-exit\index.js:86:15)
12 verbose stack     at emitNone (events.js:91:20)
12 verbose stack     at process.emit (events.js:185:7)
12 verbose stack     at processEmit (C:\Program Files\nodejs\node_modules\npm\node_modules\npmlog\node_modules\gauge\node_modules\signal-exit\index.js:146:32)
12 verbose stack     at processEmit (C:\Program Files\nodejs\node_modules\npm\node_modules\npm-registry-client\node_modules\npmlog\node_modules\gauge\node_modules\signal-exit\index.js:146:32)
12 verbose stack     at Signal.wrap.onsignal (internal/process.js:217:44)
13 verbose cwd D:\Github_NishantSahoo\ShoppingCart-React-NodeJs-Electron\API_Node_Folder
14 error Windows_NT 10.0.14393
15 error argv "C:\\Program Files\\nodejs\\node.exe" "C:\\Program Files\\nodejs\\node_modules\\npm\\bin\\npm-cli.js" "start"
16 error node v6.11.1
17 error npm  v3.10.10
18 error code ENOSYS
19 error errno ENOSYS
20 error syscall kill
21 error kill ENOSYS
22 error If you need help, you may report this error at:
22 error     <https://github.com/npm/npm/issues>
23 verbose exit [ 1, true ]
